<?xml version="1.0" encoding="UTF-8"?>
<!-- Generated by org.testng.reporters.JUnitReportReporter -->
<testsuite hostname="DESKTOP-5FSGGV4" failures="0" tests="3" name="com.bankguru.user.Level_21_Multiple_Environment_Owner" time="0.323" errors="0" timestamp="16 Aug 2022 13:35:56 GMT" skipped="0">
  <testcase classname="com.bankguru.user.Level_21_Multiple_Environment_Owner" name="User_01_Register" time="0.299"/>
  <testcase classname="com.bankguru.user.Level_21_Multiple_Environment_Owner" name="User_02_Login" time="0.008"/>
  <testcase classname="com.bankguru.user.Level_21_Multiple_Environment_Owner" name="User_03_My_Account" time="0.016"/>
</testsuite> <!-- com.bankguru.user.Level_21_Multiple_Environment_Owner -->
