<?xml version="1.0" encoding="UTF-8"?>
<!-- Generated by org.testng.reporters.JUnitReportReporter -->
<testsuite hostname="DESKTOP-5FSGGV4" failures="0" tests="3" name="com.nopcommerce.user.Level_20_Manage_Data4" time="11.624" errors="0" timestamp="23 Oct 2022 10:55:00 GMT" skipped="0">
  <testcase classname="com.nopcommerce.user.Level_20_Manage_Data4" name="User_01_Register" time="6.226"/>
  <testcase classname="com.nopcommerce.user.Level_20_Manage_Data4" name="User_02_Login" time="4.098"/>
  <testcase classname="com.nopcommerce.user.Level_20_Manage_Data4" name="User_03_My_Account" time="1.300"/>
</testsuite> <!-- com.nopcommerce.user.Level_20_Manage_Data4 -->
